------------------------------------------------------------------------------------------------------------------------

[2017-11-19 01:29:18 #1 store] 
Database 'C:\Users\Corerid\Documents\GitHub\SanctuaryOOAD\PetHotel\$dist\db\Pet.odb' has been recovered (tr. 4-5)

[2017-11-19 01:29:18 #2 store] 
Database 'C:\Users\Corerid\Documents\GitHub\SanctuaryOOAD\PetHotel\$dist\db\Pet.odb' is opened by 8132@Corerid

[2017-11-19 01:29:18 #3 store] 
Configuration path: C:\Users\Corerid\Documents\GitHub\SanctuaryOOAD\PetHotel\objectdb-2.7.2_05\objectdb.conf

[2017-11-19 01:29:29 #4 store] 
Database 'C:\Users\Corerid\Documents\GitHub\SanctuaryOOAD\PetHotel\$dist\db\Pet.odb' is closed by 8132@Corerid

------------------------------------------------------------------------------------------------------------------------

[2017-11-19 01:54:19 #1 explorer] 
[ObjectDB 2.7.2_05] javax.persistence.PersistenceException
Attempt to open a database file 'C:\Users\Corerid\Documents\GitHub\SanctuaryOOAD\PetHotel\$dist\db\Pet.odb' that is currently in use by another process (error 141)
	at com.objectdb.Explorer$1.run(Explorer.java:57)
	at java.awt.event.InvocationEvent.dispatch(Unknown Source)
	at java.awt.EventQueue.dispatchEventImpl(Unknown Source)
	at java.awt.EventQueue.access$500(Unknown Source)
	at java.awt.EventQueue$3.run(Unknown Source)
	at java.awt.EventQueue$3.run(Unknown Source)
	at java.security.AccessController.doPrivileged(Native Method)
	at java.security.ProtectionDomain$JavaSecurityAccessImpl.doIntersectionPrivilege(Unknown Source)
	at java.awt.EventQueue.dispatchEvent(Unknown Source)
	at java.awt.EventDispatchThread.pumpOneEventForFilters(Unknown Source)
	at java.awt.EventDispatchThread.pumpEventsForFilter(Unknown Source)
	at java.awt.EventDispatchThread.pumpEventsForHierarchy(Unknown Source)
	at java.awt.EventDispatchThread.pumpEvents(Unknown Source)
	at java.awt.EventDispatchThread.pumpEvents(Unknown Source)
	at java.awt.EventDispatchThread.run(Unknown Source)
Caused by: com.objectdb.o.UserException: Attempt to open a database file 'C:\Users\Corerid\Documents\GitHub\SanctuaryOOAD\PetHotel\$dist\db\Pet.odb' that is currently in use by another process
	at com.objectdb.o.MSG.d(MSG.java:62)
	at com.objectdb.o.LFL.F(LFL.java:929)
	at com.objectdb.o.LFL.C(LFL.java:886)
	at com.objectdb.o.LFL.C(LFL.java:796)
	at com.objectdb.o.DFL.<init>(DFL.java:240)
	at com.objectdb.o.DocManager.<init>(DocManager.java:25)
	at com.objectdb.o.MST.<init>(MST.java:125)
	at com.objectdb.o.MST.aO(MST.java:107)
	at com.objectdb.o.MSF.Vi(MSF.java:188)
	at com.objectdb.o.OMF.an(OMF.java:782)
	at com.objectdb.jpa.EMF.an(EMF.java:131)
	at com.objectdb.o.OMF.am(OMF.java:693)
	at com.objectdb.jpa.EMF.createEntityManager(EMF.java:150)
	... 17 more

[2017-11-19 01:54:39 #2 store] 
Database 'C:\Users\Corerid\Documents\GitHub\SanctuaryOOAD\PetHotel\$dist\db\Pet.odb' has been recovered (tr. 6-6)

[2017-11-19 01:54:39 #3 store] 
Database 'C:\Users\Corerid\Documents\GitHub\SanctuaryOOAD\PetHotel\$dist\db\Pet.odb' is opened by 11224@Corerid

[2017-11-19 01:54:39 #4 store] 
Configuration path: C:\Users\Corerid\Documents\GitHub\SanctuaryOOAD\PetHotel\objectdb-2.7.2_05\objectdb.conf

------------------------------------------------------------------------------------------------------------------------

[2017-11-19 02:10:49 #1 explorer] 
[ObjectDB 2.7.2_05] javax.persistence.PersistenceException
Attempt to open a database file 'C:\Users\Corerid\Documents\GitHub\SanctuaryOOAD\PetHotel\$dist\db\CustomerPet.odb' that is currently in use by another process (error 141)
	at com.objectdb.Explorer$1.run(Explorer.java:57)
	at java.awt.event.InvocationEvent.dispatch(Unknown Source)
	at java.awt.EventQueue.dispatchEventImpl(Unknown Source)
	at java.awt.EventQueue.access$500(Unknown Source)
	at java.awt.EventQueue$3.run(Unknown Source)
	at java.awt.EventQueue$3.run(Unknown Source)
	at java.security.AccessController.doPrivileged(Native Method)
	at java.security.ProtectionDomain$JavaSecurityAccessImpl.doIntersectionPrivilege(Unknown Source)
	at java.awt.EventQueue.dispatchEvent(Unknown Source)
	at java.awt.EventDispatchThread.pumpOneEventForFilters(Unknown Source)
	at java.awt.EventDispatchThread.pumpEventsForFilter(Unknown Source)
	at java.awt.EventDispatchThread.pumpEventsForHierarchy(Unknown Source)
	at java.awt.EventDispatchThread.pumpEvents(Unknown Source)
	at java.awt.EventDispatchThread.pumpEvents(Unknown Source)
	at java.awt.EventDispatchThread.run(Unknown Source)
Caused by: com.objectdb.o.UserException: Attempt to open a database file 'C:\Users\Corerid\Documents\GitHub\SanctuaryOOAD\PetHotel\$dist\db\CustomerPet.odb' that is currently in use by another process
	at com.objectdb.o.MSG.d(MSG.java:62)
	at com.objectdb.o.LFL.F(LFL.java:929)
	at com.objectdb.o.LFL.C(LFL.java:886)
	at com.objectdb.o.LFL.C(LFL.java:796)
	at com.objectdb.o.DFL.<init>(DFL.java:240)
	at com.objectdb.o.DocManager.<init>(DocManager.java:25)
	at com.objectdb.o.MST.<init>(MST.java:125)
	at com.objectdb.o.MST.aO(MST.java:107)
	at com.objectdb.o.MSF.Vi(MSF.java:188)
	at com.objectdb.o.OMF.an(OMF.java:782)
	at com.objectdb.jpa.EMF.an(EMF.java:131)
	at com.objectdb.o.OMF.am(OMF.java:693)
	at com.objectdb.jpa.EMF.createEntityManager(EMF.java:150)
	... 17 more

[2017-11-19 02:11:04 #2 store] 
Database 'C:\Users\Corerid\Documents\GitHub\SanctuaryOOAD\PetHotel\$dist\db\CustomerPet.odb' is opened by 2208@Corerid

[2017-11-19 02:11:04 #3 store] 
Configuration path: C:\Users\Corerid\Documents\GitHub\SanctuaryOOAD\PetHotel\objectdb-2.7.2_05\objectdb.conf

[2017-11-19 02:11:25 #4 store] 
Database 'C:\Users\Corerid\Documents\GitHub\SanctuaryOOAD\PetHotel\$dist\db\Pet.odb' has been recovered (tr. 13-13)

[2017-11-19 02:11:26 #5 store] 
Database 'C:\Users\Corerid\Documents\GitHub\SanctuaryOOAD\PetHotel\$dist\db\Pet.odb' is opened by 2208@Corerid

[2017-11-19 02:11:26 #6 store] 
Configuration path: C:\Users\Corerid\Documents\GitHub\SanctuaryOOAD\PetHotel\objectdb-2.7.2_05\objectdb.conf

[2017-11-19 02:12:09 #7 store] 
Database 'C:\Users\Corerid\Documents\GitHub\SanctuaryOOAD\PetHotel\$dist\db\Pet.odb' is closed by 2208@Corerid

------------------------------------------------------------------------------------------------------------------------

[2017-11-19 02:14:35 #1 store] 
Database 'C:\Users\Corerid\Documents\GitHub\SanctuaryOOAD\PetHotel\$dist\db\CustomerPet.odb' has been recovered (tr. 3-4)

[2017-11-19 02:14:35 #2 store] 
Database 'C:\Users\Corerid\Documents\GitHub\SanctuaryOOAD\PetHotel\$dist\db\CustomerPet.odb' is opened by 5244@Corerid

[2017-11-19 02:14:35 #3 store] 
Configuration path: C:\Users\Corerid\Documents\GitHub\SanctuaryOOAD\PetHotel\objectdb-2.7.2_05\objectdb.conf

[2017-11-19 02:14:45 #4 store] 
Database 'C:\Users\Corerid\Documents\GitHub\SanctuaryOOAD\PetHotel\$dist\db\CustomerPet.odb' is closed by 5244@Corerid

------------------------------------------------------------------------------------------------------------------------

[2017-11-19 02:15:25 #1 store] 
Database 'C:\Users\Corerid\Documents\GitHub\SanctuaryOOAD\PetHotel\$dist\db\CustomerPet.odb' is opened by 13620@Corerid

[2017-11-19 02:15:25 #2 store] 
Configuration path: C:\Users\Corerid\Documents\GitHub\SanctuaryOOAD\PetHotel\objectdb-2.7.2_05\objectdb.conf

[2017-11-19 02:15:44 #3 store] 
Database 'C:\Users\Corerid\Documents\GitHub\SanctuaryOOAD\PetHotel\$dist\db\CustomerPet.odb' is closed by 13620@Corerid

[2017-11-19 02:15:44 #4 store] 
Database 'C:\Users\Corerid\Documents\GitHub\SanctuaryOOAD\PetHotel\$dist\db\Pet.odb' has been recovered (tr. 14-14)

[2017-11-19 02:15:44 #5 store] 
Database 'C:\Users\Corerid\Documents\GitHub\SanctuaryOOAD\PetHotel\$dist\db\Pet.odb' is opened by 13620@Corerid

[2017-11-19 02:15:44 #6 store] 
Configuration path: C:\Users\Corerid\Documents\GitHub\SanctuaryOOAD\PetHotel\objectdb-2.7.2_05\objectdb.conf

[2017-11-19 02:16:12 #7 store] 
Database 'C:\Users\Corerid\Documents\GitHub\SanctuaryOOAD\PetHotel\$dist\db\Pet.odb' is closed by 13620@Corerid

------------------------------------------------------------------------------------------------------------------------

[2017-11-19 02:19:29 #1 store] 
Database 'C:\Users\Corerid\Documents\GitHub\SanctuaryOOAD\PetHotel\$dist\db\CustomerPet.odb' has been recovered (tr. 5-5)

[2017-11-19 02:19:29 #2 store] 
Database 'C:\Users\Corerid\Documents\GitHub\SanctuaryOOAD\PetHotel\$dist\db\CustomerPet.odb' is opened by 9104@Corerid

[2017-11-19 02:19:29 #3 store] 
Configuration path: C:\Users\Corerid\Documents\GitHub\SanctuaryOOAD\PetHotel\objectdb-2.7.2_05\objectdb.conf

[2017-11-19 02:19:57 #4 store] 
Database 'C:\Users\Corerid\Documents\GitHub\SanctuaryOOAD\PetHotel\$dist\db\CustomerPet.odb' is closed by 9104@Corerid

[2017-11-19 02:19:57 #5 store] 
Database 'C:\Users\Corerid\Documents\GitHub\SanctuaryOOAD\PetHotel\$dist\db\Pet.odb' has been recovered (tr. 15-15)

[2017-11-19 02:19:57 #6 store] 
Database 'C:\Users\Corerid\Documents\GitHub\SanctuaryOOAD\PetHotel\$dist\db\Pet.odb' is opened by 9104@Corerid

[2017-11-19 02:19:57 #7 store] 
Configuration path: C:\Users\Corerid\Documents\GitHub\SanctuaryOOAD\PetHotel\objectdb-2.7.2_05\objectdb.conf

[2017-11-19 02:21:00 #8 store] 
Database 'C:\Users\Corerid\Documents\GitHub\SanctuaryOOAD\PetHotel\$dist\db\Pet.odb' is closed by 9104@Corerid

------------------------------------------------------------------------------------------------------------------------

[2017-11-19 02:21:39 #1 store] 
Database 'C:\Users\Corerid\Documents\GitHub\SanctuaryOOAD\PetHotel\$dist\db\CustomerPet.odb' has been recovered (tr. 6-6)

[2017-11-19 02:21:40 #2 store] 
Database 'C:\Users\Corerid\Documents\GitHub\SanctuaryOOAD\PetHotel\$dist\db\CustomerPet.odb' is opened by 3516@Corerid

[2017-11-19 02:21:40 #3 store] 
Configuration path: C:\Users\Corerid\Documents\GitHub\SanctuaryOOAD\PetHotel\objectdb-2.7.2_05\objectdb.conf

[2017-11-19 02:22:07 #4 store] 
Database 'C:\Users\Corerid\Documents\GitHub\SanctuaryOOAD\PetHotel\$dist\db\CustomerPet.odb' is closed by 3516@Corerid

[2017-11-19 02:22:07 #5 store] 
Database 'C:\Users\Corerid\Documents\GitHub\SanctuaryOOAD\PetHotel\$dist\db\Pet.odb' has been recovered (tr. 16-16)

[2017-11-19 02:22:07 #6 store] 
Database 'C:\Users\Corerid\Documents\GitHub\SanctuaryOOAD\PetHotel\$dist\db\Pet.odb' is opened by 3516@Corerid

[2017-11-19 02:22:07 #7 store] 
Configuration path: C:\Users\Corerid\Documents\GitHub\SanctuaryOOAD\PetHotel\objectdb-2.7.2_05\objectdb.conf

[2017-11-19 02:22:26 #8 store] 
Database 'C:\Users\Corerid\Documents\GitHub\SanctuaryOOAD\PetHotel\$dist\db\Pet.odb' is closed by 3516@Corerid

------------------------------------------------------------------------------------------------------------------------

[2017-11-19 02:23:08 #1 store] 
Database 'C:\Users\Corerid\Documents\GitHub\SanctuaryOOAD\PetHotel\$dist\db\CustomerPet.odb' has been recovered (tr. 7-7)

[2017-11-19 02:23:08 #2 store] 
Database 'C:\Users\Corerid\Documents\GitHub\SanctuaryOOAD\PetHotel\$dist\db\CustomerPet.odb' is opened by 7764@Corerid

[2017-11-19 02:23:08 #3 store] 
Configuration path: C:\Users\Corerid\Documents\GitHub\SanctuaryOOAD\PetHotel\objectdb-2.7.2_05\objectdb.conf

[2017-11-19 02:23:21 #4 store] 
Database 'C:\Users\Corerid\Documents\GitHub\SanctuaryOOAD\PetHotel\$dist\db\CustomerPet.odb' is closed by 7764@Corerid

[2017-11-19 02:23:21 #5 store] 
Database 'C:\Users\Corerid\Documents\GitHub\SanctuaryOOAD\PetHotel\$dist\db\Customer.odb' is opened by 7764@Corerid

[2017-11-19 02:23:21 #6 store] 
Configuration path: C:\Users\Corerid\Documents\GitHub\SanctuaryOOAD\PetHotel\objectdb-2.7.2_05\objectdb.conf

[2017-11-19 02:23:33 #7 store] 
Database 'C:\Users\Corerid\Documents\GitHub\SanctuaryOOAD\PetHotel\$dist\db\Customer.odb' is closed by 7764@Corerid

[2017-11-19 02:23:33 #8 store] 
Database 'C:\Users\Corerid\Documents\GitHub\SanctuaryOOAD\PetHotel\$dist\db\Pet.odb' has been recovered (tr. 17-17)

[2017-11-19 02:23:33 #9 store] 
Database 'C:\Users\Corerid\Documents\GitHub\SanctuaryOOAD\PetHotel\$dist\db\Pet.odb' is opened by 7764@Corerid

[2017-11-19 02:23:33 #10 store] 
Configuration path: C:\Users\Corerid\Documents\GitHub\SanctuaryOOAD\PetHotel\objectdb-2.7.2_05\objectdb.conf

[2017-11-19 02:27:32 #11 store] 
Database 'C:\Users\Corerid\Documents\GitHub\SanctuaryOOAD\PetHotel\$dist\db\Pet.odb' is closed by 7764@Corerid

